[11/30/2015 17:29:02][      GetSystemIntializeInfo()] Starting Function
[11/30/2015 17:29:02][      GetSystemIntializeInfo()] Completed with SUCCESS
[11/30/2015 17:29:02][             Get_CompanyList()] Starting Function
[11/30/2015 17:29:03][             Get_CompanyList()] Completed with SUCCESS
[11/30/2015 19:38:44][            Load_BPGroupList()] Starting Function
[11/30/2015 19:38:44][            Load_BPGroupList()] Execute SQLSELECT T0."CardCode", T0."CardName",T0."E_Mail", T0."U_AI_EMAILSOA" from "FHG_TEST_24042015".OCRD T0  WHERE T0."frozenFor" ='N' AND T0."GroupCode" like '%' AND T0."CardType" = 'C' Order by  T0."CardCode"
[11/30/2015 19:38:44][                              ] Connection DRIVER={HDBODBC32};UID=SYSTEM;PWD=Sapb1hana;SERVERNODE=10.1.101.36:30015;CS=
[11/30/2015 19:38:45][            Load_BPGroupList()] Completed with SUCCESS
[11/30/2015 19:38:49][                 ExportReports] Starting Function
[11/30/2015 19:38:49][                 ExportReports] Execute SQLselect "AliasName" as ePaymentEmail,"E_Mail" as eSOAEmail from "FHG_TEST_24042015".OADM T0
[11/30/2015 19:38:49][                              ] Connection DRIVER={HDBODBC32};UID=SYSTEM;PWD=Sapb1hana;SERVERNODE=10.1.101.36:30015;CS=
[11/30/2015 19:38:49][                 ExportReports] Execute SQLSelect * from "FHG_TEST_24042015"."@EADVISE"
[11/30/2015 19:38:49][                              ] Connection DRIVER={HDBODBC32};UID=SYSTEM;PWD=Sapb1hana;SERVERNODE=10.1.101.36:30015;CS=FHG_TEST_24042015
[11/30/2015 19:38:49][                 ExportReports] Calling ExportToPDF()
[11/30/2015 19:38:49][                 ExportReports] Checking BP Balance ..
[11/30/2015 19:38:49][                 ExportReports] Execute SQLCALL "FHG_TEST_24042015"."AE_SP002_SOA" ('C3M ISPL','C3M ISPL','20151130')
[11/30/2015 19:38:49][                              ] Connection DRIVER={HDBODBC32};UID=SYSTEM;PWD=Sapb1hana;SERVERNODE=10.1.101.36:30015;CS=FHG_TEST_24042015
[11/30/2015 19:38:50][                 ExportReports] Calling function ExportToPDF() 
[11/30/2015 19:38:50][                              ] 1
[11/30/2015 19:38:50][                              ] 1.5
[11/30/2015 19:38:50][                              ] 2
[11/30/2015 19:38:50][                 ExportToPDF()] Starting Function
[11/30/2015 19:38:50][                 ExportToPDF()] Report File Name:C:\SAP\E-Advice_LIVE\Reports\AI_RPT_SOA.rpt
[11/30/2015 19:38:50][                 ExportToPDF()] Loading Report
[11/30/2015 19:39:08][                 ExportToPDF()] Target File Name:C:\SAP\E-Advice_LIVE\PDF\SOA_C3M ISPL_30112015.pdf
[11/30/2015 19:56:05][      GetSystemIntializeInfo()] Starting Function
[11/30/2015 19:56:05][      GetSystemIntializeInfo()] Completed with SUCCESS
[11/30/2015 19:56:05][             Get_CompanyList()] Starting Function
[11/30/2015 19:56:06][             Get_CompanyList()] Completed with SUCCESS
[11/30/2015 19:56:15][            Load_BPGroupList()] Starting Function
[11/30/2015 19:56:15][            Load_BPGroupList()] Execute SQLSELECT T0."CardCode", T0."CardName",T0."E_Mail", T0."U_AI_EMAILSOA" from "FHG_TEST_24042015".OCRD T0  WHERE T0."frozenFor" ='N' AND T0."GroupCode" like '%' AND T0."CardType" = 'C' Order by  T0."CardCode"
[11/30/2015 19:56:15][                              ] Connection DRIVER={HDBODBC32};UID=SYSTEM;PWD=Sapb1hana;SERVERNODE=10.1.101.36:30015;CS=
[11/30/2015 19:56:16][            Load_BPGroupList()] Completed with SUCCESS
[11/30/2015 19:58:47][                 ExportReports] Starting Function
[11/30/2015 19:58:47][                 ExportReports] Execute SQLselect "AliasName" as ePaymentEmail,"E_Mail" as eSOAEmail from "FHG_TEST_24042015".OADM T0
[11/30/2015 19:58:47][                              ] Connection DRIVER={HDBODBC32};UID=SYSTEM;PWD=Sapb1hana;SERVERNODE=10.1.101.36:30015;CS=
[11/30/2015 19:58:47][                 ExportReports] Execute SQLSelect * from "FHG_TEST_24042015"."@EADVISE"
[11/30/2015 19:58:47][                              ] Connection DRIVER={HDBODBC32};UID=SYSTEM;PWD=Sapb1hana;SERVERNODE=10.1.101.36:30015;CS=FHG_TEST_24042015
[11/30/2015 19:58:47][                 ExportReports] Calling ExportToPDF()
[11/30/2015 19:58:47][                 ExportReports] Checking BP Balance ..
[11/30/2015 19:58:47][                 ExportReports] Execute SQLCALL "FHG_TEST_24042015"."AE_SP002_SOA" ('C3M ISPL','C3M ISPL','20151130')
[11/30/2015 19:58:47][                              ] Connection DRIVER={HDBODBC32};UID=SYSTEM;PWD=Sapb1hana;SERVERNODE=10.1.101.36:30015;CS=FHG_TEST_24042015
[11/30/2015 19:58:48][                 ExportReports] Calling function ExportToPDF() 
[11/30/2015 19:58:48][                              ] 1
[11/30/2015 19:58:48][                              ] 1.5
[11/30/2015 19:58:48][                              ] 2
[11/30/2015 19:58:48][                 ExportToPDF()] Starting Function
[11/30/2015 19:58:48][                 ExportToPDF()] Report File Name:C:\SAP\E-Advice_LIVE\Reports\AI_RPT_SOA.rpt
[11/30/2015 19:58:48][                 ExportToPDF()] Loading Report
[11/30/2015 19:59:03][                 ExportToPDF()] Target File Name:C:\SAP\E-Advice_LIVE\PDF\SOA_C3M ISPL_30112015.pdf
[11/30/2015 20:04:45][                 ExportToPDF()] Completed with SUCCESS
[11/30/2015 20:04:45][                 ExportToPDF()] Calling EndStatus()
[11/30/2015 20:04:45][                 ExportReports] Calling function SendEmailNotification() 3M INNOVATION (S) PTE LTD
[11/30/2015 20:04:45][       SendEmailNotification()] Starting Function...
[11/30/2015 20:04:45][       SendEmailNotification()] Adding Email Address:  sahayar@abeo-electra.com
[11/30/2015 20:04:45][       SendEmailNotification()] Completed with ERROR
[11/30/2015 20:04:59][                 ExportReports] Completed function with ERROR
